#!/bin/bash

./update-pv-volume.sh pvc-0250be99-90d9-11e7-8584-123713f594ec  aws://us-east-1c/vol-04e537236e215a549;
./update-pv-volume.sh pvc-02744467-94ca-11e7-b0cb-12b5519f9b58  aws://us-east-1c/vol-0010b150ead306a66;
./update-pv-volume.sh pvc-02f05209-ab0e-11e7-851c-125b034d2f46  aws://us-east-1c/vol-06c6d542a8c625e19;
./update-pv-volume.sh pvc-057bafc8-a066-11e7-b564-123713f594ec  aws://us-east-1c/vol-06d07db13ca13d482;
./update-pv-volume.sh pvc-095a91b1-927e-11e7-8584-123713f594ec  aws://us-east-1c/vol-0e267ec95b41bdd60;
./update-pv-volume.sh pvc-0a01987a-b124-11e7-851c-125b034d2f46  aws://us-east-1c/vol-0c1201d73517d520a;
./update-pv-volume.sh pvc-0abed924-a7fb-11e7-bae1-12b5519f9b58  aws://us-east-1c/vol-0a328649618264a37;
./update-pv-volume.sh pvc-0b616261-8d45-11e7-8584-123713f594ec  aws://us-east-1c/vol-0f543cd3af366c447;
./update-pv-volume.sh pvc-0b658d67-8c93-11e7-8e28-12b5519f9b58  aws://us-east-1c/vol-018cd13d4c82823d2;
./update-pv-volume.sh pvc-0bbbbbc1-6342-11e7-9a71-12b5519f9b58  aws://us-east-1c/vol-0a18fa54d31991fe2;
./update-pv-volume.sh pvc-0bfe1c74-9b7e-11e7-8e2b-123713f594ec  aws://us-east-1c/vol-0a35684da8ee434f5;
./update-pv-volume.sh pvc-0c8a441b-aec0-11e7-b9c8-123713f594ec  aws://us-east-1c/vol-078cb50ef10bf006a;
./update-pv-volume.sh pvc-0e34cfeb-9341-11e7-8e2b-123713f594ec  aws://us-east-1c/vol-0221352a474aa82a0;
./update-pv-volume.sh pvc-0ea518cf-7144-11e7-a6c4-12b5519f9b58  aws://us-east-1c/vol-006eaa18def9e5cbb;
./update-pv-volume.sh pvc-0f080f32-b0c4-11e7-b9c8-123713f594ec  aws://us-east-1c/vol-037d0b14f5361a55f;
./update-pv-volume.sh pvc-0f0b163a-931c-11e7-99fc-125b034d2f46  aws://us-east-1c/vol-087d96df3bc347a6b;
./update-pv-volume.sh pvc-110a77a6-a590-11e7-bae1-12b5519f9b58  aws://us-east-1c/vol-097144a9e8219e5b1;
./update-pv-volume.sh pvc-125540ba-9be7-11e7-99fc-125b034d2f46  aws://us-east-1c/vol-044d7f3a9537678f0;
./update-pv-volume.sh pvc-132e3341-855f-11e7-ab22-12b5519f9b58  aws://us-east-1c/vol-0521fe58ccaef87a3;
./update-pv-volume.sh pvc-1359949b-b31a-11e7-851c-125b034d2f46  aws://us-east-1c/vol-03fcc1cc62af5e7d2;
./update-pv-volume.sh pvc-14109264-ab98-11e7-851c-125b034d2f46  aws://us-east-1c/vol-06847df34f8dd9a3f;
./update-pv-volume.sh pvc-159817a5-8642-11e7-ab22-12b5519f9b58  aws://us-east-1c/vol-0e7605f857a3c86c4;
./update-pv-volume.sh pvc-1607a408-b25d-11e7-851c-125b034d2f46  aws://us-east-1c/vol-056e9566bed9fbac2;
./update-pv-volume.sh pvc-1674a5eb-b3ab-11e7-a02d-125b034d2f46  aws://us-east-1c/vol-0f75cf57bacf82292;
./update-pv-volume.sh pvc-16cd7bb7-8e06-11e7-9386-12b5519f9b58  aws://us-east-1c/vol-04dec2b2ad935ec3f;
./update-pv-volume.sh pvc-173f0882-9e50-11e7-ab99-12b5519f9b58  aws://us-east-1c/vol-037e250f41cc7aa92;
./update-pv-volume.sh pvc-17c00570-8ce0-11e7-a16e-125b034d2f46  aws://us-east-1c/vol-035ef9896d46255b1;
./update-pv-volume.sh pvc-19e3892b-b337-11e7-b8c0-12b5519f9b58  aws://us-east-1c/vol-0e715e2ad82887f98;
./update-pv-volume.sh pvc-1c9d464f-b3a6-11e7-b3be-123713f594ec  aws://us-east-1c/vol-0322aca111be75797;
./update-pv-volume.sh pvc-1e040e44-8bf6-11e7-bd9c-125b034d2f46  aws://us-east-1c/vol-01e839fd40b9f9697;
./update-pv-volume.sh pvc-1ee10646-aa2d-11e7-b9c8-123713f594ec  aws://us-east-1c/vol-030e5f77635457846;
./update-pv-volume.sh pvc-20b87962-8905-11e7-8e28-12b5519f9b58  aws://us-east-1c/vol-01236d410b0743d33;
./update-pv-volume.sh pvc-20bae2fc-8905-11e7-bd9c-125b034d2f46  aws://us-east-1c/vol-0ea087cad91cabe8e;
./update-pv-volume.sh pvc-20c67831-9d73-11e7-99fc-125b034d2f46  aws://us-east-1c/vol-01ecfefb9754eb304;
./update-pv-volume.sh pvc-216dd418-a691-11e7-a582-125b034d2f46  aws://us-east-1c/vol-03422cb080c8077bf;
./update-pv-volume.sh pvc-2179b0dc-a33d-11e7-b564-123713f594ec  aws://us-east-1c/vol-004115794e5f805c0;
./update-pv-volume.sh pvc-22690ba9-a387-11e7-b564-123713f594ec  aws://us-east-1c/vol-0713c6499933003bb;
./update-pv-volume.sh pvc-24102528-8ef9-11e7-afce-125b034d2f46  aws://us-east-1c/vol-0f2039e77e3cb674c;
./update-pv-volume.sh pvc-24ba411a-93b2-11e7-99fc-125b034d2f46  aws://us-east-1c/vol-06883000e3df78bd3;
./update-pv-volume.sh pvc-263fc0ea-90d6-11e7-afce-125b034d2f46  aws://us-east-1c/vol-095b722bf74cc686a;
./update-pv-volume.sh pvc-2772b37a-887b-11e7-8e28-12b5519f9b58  aws://us-east-1c/vol-0cce127d75ea80cfe;
./update-pv-volume.sh pvc-27bb315e-ab9f-11e7-b8c0-12b5519f9b58  aws://us-east-1c/vol-0d69d8262562e3add;
./update-pv-volume.sh pvc-27eb48e3-afef-11e7-b8c0-12b5519f9b58  aws://us-east-1c/vol-0b9a5bf2999eb60c6;
./update-pv-volume.sh pvc-2827983a-b3cf-11e7-b3be-123713f594ec  aws://us-east-1c/vol-01000c82179248eed;
./update-pv-volume.sh pvc-28d9c825-8ef9-11e7-9386-12b5519f9b58  aws://us-east-1c/vol-0eb4a0c8772910f05;
./update-pv-volume.sh pvc-29be94ed-aa4d-11e7-b8c0-12b5519f9b58  aws://us-east-1c/vol-0798743eead71d09c;
./update-pv-volume.sh pvc-2aa33f7a-9620-11e7-b0cb-12b5519f9b58  aws://us-east-1c/vol-015eff6ec35e3757f;
./update-pv-volume.sh pvc-2b56df0c-8b46-11e7-9bf7-123713f594ec  aws://us-east-1c/vol-05669853b4c6095f6;
./update-pv-volume.sh pvc-2b8a3824-b3e7-11e7-a02d-125b034d2f46  aws://us-east-1c/vol-027d7d56796458009;
./update-pv-volume.sh pvc-2ba6dac8-a455-11e7-b564-123713f594ec  aws://us-east-1c/vol-032b1fc1fad06ffdb;
./update-pv-volume.sh pvc-2bcffac5-9c41-11e7-b0cb-12b5519f9b58  aws://us-east-1c/vol-0328152a2ba93e612;
./update-pv-volume.sh pvc-2c5727b4-9362-11e7-b0cb-12b5519f9b58  aws://us-east-1c/vol-008d7a981e1f1ce45;
./update-pv-volume.sh pvc-2d5a9cc9-997e-11e7-8e2b-123713f594ec  aws://us-east-1c/vol-055ca38fd04e3d147;
./update-pv-volume.sh pvc-2dbf4770-a93d-11e7-a67d-123713f594ec  aws://us-east-1c/vol-050708b10d6486002;
./update-pv-volume.sh pvc-2ddc7f92-5c4d-11e7-8096-12b5519f9b58  aws://us-east-1c/vol-0d11c8b7e93f53fbb;
./update-pv-volume.sh pvc-2e18a541-8cee-11e7-b032-125b034d2f46  aws://us-east-1c/vol-0be24a36281134fba;
./update-pv-volume.sh pvc-2f0bf00f-a48f-11e7-ab99-12b5519f9b58  aws://us-east-1c/vol-0999cfba585077c15;
./update-pv-volume.sh pvc-301c9014-adc0-11e7-b9c8-123713f594ec  aws://us-east-1c/vol-0b7350c0c97f4ab90;
./update-pv-volume.sh pvc-304668d6-adbb-11e7-851c-125b034d2f46  aws://us-east-1c/vol-0403bccc584ac3b85;
./update-pv-volume.sh pvc-30c07a82-a239-11e7-b564-123713f594ec  aws://us-east-1c/vol-0f54a4d2fc54c179e;
./update-pv-volume.sh pvc-335db218-a540-11e7-bae1-12b5519f9b58  aws://us-east-1c/vol-01a9bb41c1072fd6e;
./update-pv-volume.sh pvc-369641ee-a052-11e7-b564-123713f594ec  aws://us-east-1c/vol-06c1077206bc08881;
./update-pv-volume.sh pvc-36a12457-839f-11e7-9b00-123713f594ec  aws://us-east-1c/vol-0af0d95b7116b3e54;
./update-pv-volume.sh pvc-374c40eb-b006-11e7-b9c8-123713f594ec  aws://us-east-1c/vol-07455e0096ead5cc0;
./update-pv-volume.sh pvc-3760cac8-a84b-11e7-a67d-123713f594ec  aws://us-east-1c/vol-055d845ce4eb8be8f;
./update-pv-volume.sh pvc-37acf05e-931c-11e7-99fc-125b034d2f46  aws://us-east-1c/vol-08d3e171e9043d52c;
./update-pv-volume.sh pvc-38d0a79f-a90d-11e7-bae1-12b5519f9b58  aws://us-east-1c/vol-07b37bd2e314877b2;
./update-pv-volume.sh pvc-39c7319d-a5d1-11e7-a67d-123713f594ec  aws://us-east-1c/vol-014648261dceac521;
./update-pv-volume.sh pvc-3bd1b27f-afc7-11e7-b8c0-12b5519f9b58  aws://us-east-1c/vol-072509c797acf0795;
./update-pv-volume.sh pvc-3c1da8b3-7abe-11e7-ab22-12b5519f9b58  aws://us-east-1c/vol-03b68ccf50b1a83df;
./update-pv-volume.sh pvc-3e157891-a377-11e7-9870-125b034d2f46  aws://us-east-1c/vol-09119c51349709c36;
./update-pv-volume.sh pvc-3f321e21-ae6a-11e7-b9c8-123713f594ec  aws://us-east-1c/vol-031b7c488bd1159a9;
./update-pv-volume.sh pvc-3f8ffaf3-a3c6-11e7-9870-125b034d2f46  aws://us-east-1c/vol-0cbe0ef42bd2c6d71;
./update-pv-volume.sh pvc-3ffcce88-afc8-11e7-b8c0-12b5519f9b58  aws://us-east-1c/vol-0aae657a73247a0ae;
./update-pv-volume.sh pvc-40188d7d-a651-11e7-a67d-123713f594ec  aws://us-east-1c/vol-0ffb04bae1fd43889;
./update-pv-volume.sh pvc-40496893-9417-11e7-8e2b-123713f594ec  aws://us-east-1c/vol-0d7c40daadc65a402;
./update-pv-volume.sh pvc-40b9e321-acec-11e7-851c-125b034d2f46  aws://us-east-1c/vol-0b6b32188126702b0;
./update-pv-volume.sh pvc-4129781b-9d76-11e7-b0cb-12b5519f9b58  aws://us-east-1c/vol-0dc02fcc3a53008e8;
./update-pv-volume.sh pvc-412d0e5f-a8b2-11e7-a67d-123713f594ec  aws://us-east-1c/vol-07030cb763d064ee5;
./update-pv-volume.sh pvc-419b412a-9c85-11e7-b0cb-12b5519f9b58  aws://us-east-1c/vol-0c07d415144989e72;
./update-pv-volume.sh pvc-41ae1c25-9a92-11e7-99fc-125b034d2f46  aws://us-east-1c/vol-00d56b46c7bb3f2d8;
./update-pv-volume.sh pvc-41c7a95e-9955-11e7-99fc-125b034d2f46  aws://us-east-1c/vol-01b958249c189e519;
./update-pv-volume.sh pvc-4246ba73-ab8c-11e7-851c-125b034d2f46  aws://us-east-1c/vol-0fe91b1a936940089;
./update-pv-volume.sh pvc-42477244-8ceb-11e7-b420-123713f594ec  aws://us-east-1c/vol-010a811775b7f8249;
./update-pv-volume.sh pvc-444c445f-841f-11e7-9104-125b034d2f46  aws://us-east-1c/vol-059b33187e98beca0;
./update-pv-volume.sh pvc-44534107-9050-11e7-9386-12b5519f9b58  aws://us-east-1c/vol-0703d9ff52a8c6187;
./update-pv-volume.sh pvc-447ce91d-841f-11e7-9104-125b034d2f46  aws://us-east-1c/vol-06b8c0f46e20c0bbd;
./update-pv-volume.sh pvc-4494cd4c-9033-11e7-9386-12b5519f9b58  aws://us-east-1c/vol-012d7688d42f330a9;
./update-pv-volume.sh pvc-4607a0cd-a745-11e7-bae1-12b5519f9b58  aws://us-east-1c/vol-02da96cca310ae0d6;
./update-pv-volume.sh pvc-46e62869-861d-11e7-9104-125b034d2f46  aws://us-east-1c/vol-06badeef54a133ac2;
./update-pv-volume.sh pvc-470da55a-a425-11e7-b564-123713f594ec  aws://us-east-1c/vol-0a50133eabea470b4;
./update-pv-volume.sh pvc-47ddf368-9955-11e7-99fc-125b034d2f46  aws://us-east-1c/vol-0b3553626b94f8c7e;
./update-pv-volume.sh pvc-4b1c5a72-b352-11e7-b9c8-123713f594ec  aws://us-east-1c/vol-056ea96f7bcda767d;
./update-pv-volume.sh pvc-4bc59e74-b25d-11e7-b8c0-12b5519f9b58  aws://us-east-1c/vol-03d61f6fa63392697;
./update-pv-volume.sh pvc-4ea127c6-ab1b-11e7-b9c8-123713f594ec  aws://us-east-1c/vol-0919c21f5354fb970;
./update-pv-volume.sh pvc-4f0f4f24-9b8b-11e7-8e2b-123713f594ec  aws://us-east-1c/vol-0071d45f1344c11a7;
./update-pv-volume.sh pvc-50b4b599-a3ea-11e7-b564-123713f594ec  aws://us-east-1c/vol-0510346b8fd2df398;
./update-pv-volume.sh pvc-51083932-adbb-11e7-b9c8-123713f594ec  aws://us-east-1c/vol-0315925937eda86eb;
./update-pv-volume.sh pvc-52c766bb-a44d-11e7-ab99-12b5519f9b58  aws://us-east-1c/vol-0e8da1271ad763f6a;
./update-pv-volume.sh pvc-53d16600-9955-11e7-99fc-125b034d2f46  aws://us-east-1c/vol-0f985b89dc252024f;
./update-pv-volume.sh pvc-53d2727d-aa90-11e7-b8c0-12b5519f9b58  aws://us-east-1c/vol-0d4e2bb0e2e0007bb;
./update-pv-volume.sh pvc-53f5b341-a5fb-11e7-a67d-123713f594ec  aws://us-east-1c/vol-0f8339f2ee57ed080;
./update-pv-volume.sh pvc-54572613-a903-11e7-a67d-123713f594ec  aws://us-east-1c/vol-0b2e17228c3362b4a;
./update-pv-volume.sh pvc-554c74cf-9620-11e7-8e2b-123713f594ec  aws://us-east-1c/vol-06a6ad65ce75894a4;
./update-pv-volume.sh pvc-555eef31-a614-11e7-bae1-12b5519f9b58  aws://us-east-1c/vol-0671fb6d6e6e2530c;
./update-pv-volume.sh pvc-55da1042-ad25-11e7-b8c0-12b5519f9b58  aws://us-east-1c/vol-023267026c9e647d6;
./update-pv-volume.sh pvc-560bbc10-7abb-11e7-9b00-123713f594ec  aws://us-east-1c/vol-0991c5ba8122e988c;
./update-pv-volume.sh pvc-5723c887-94c8-11e7-b0cb-12b5519f9b58  aws://us-east-1c/vol-02d369a9133e21b43;
./update-pv-volume.sh pvc-57bcf0da-a51a-11e7-a67d-123713f594ec  aws://us-east-1c/vol-0d20f60a074b1ce41;
./update-pv-volume.sh pvc-57c5be8c-ab8c-11e7-b9c8-123713f594ec  aws://us-east-1c/vol-08f079d8e33f54216;
./update-pv-volume.sh pvc-58473188-8ce5-11e7-a16e-125b034d2f46  aws://us-east-1c/vol-0b0dbbaaa648e14ac;
./update-pv-volume.sh pvc-58495f04-a442-11e7-b564-123713f594ec  aws://us-east-1c/vol-05ec4a6243c5ccab6;
./update-pv-volume.sh pvc-5922f322-a614-11e7-a67d-123713f594ec  aws://us-east-1c/vol-0aa8cb648a69692b7;
./update-pv-volume.sh pvc-59c9c0ea-a377-11e7-ab99-12b5519f9b58  aws://us-east-1c/vol-0ca78018d79dae415;
./update-pv-volume.sh pvc-5a01f6d2-b33e-11e7-b9c8-123713f594ec  aws://us-east-1c/vol-00fb05fa0a92b90db;
./update-pv-volume.sh pvc-5a313b00-9477-11e7-b0cb-12b5519f9b58  aws://us-east-1c/vol-0ec92ab39a61bb927;
./update-pv-volume.sh pvc-5af2b4d6-9325-11e7-99fc-125b034d2f46  aws://us-east-1c/vol-02996bae5668ab37e;
./update-pv-volume.sh pvc-5b4633e8-a57c-11e7-bae1-12b5519f9b58  aws://us-east-1c/vol-0cdbc11aeecc6c24c;
./update-pv-volume.sh pvc-5cf0dc0d-a3cc-11e7-ab99-12b5519f9b58  aws://us-east-1c/vol-0ab69a34fefebc655;
./update-pv-volume.sh pvc-5d297b66-90c3-11e7-9386-12b5519f9b58  aws://us-east-1c/vol-0d97f5b567a6ed826;
./update-pv-volume.sh pvc-5e67f1c5-883f-11e7-9fa2-123713f594ec  aws://us-east-1c/vol-0d1a3979c925c1b4e;
./update-pv-volume.sh pvc-5efcfcbd-a911-11e7-a582-125b034d2f46  aws://us-east-1c/vol-010068665c82bca1c;
./update-pv-volume.sh pvc-5f367717-7d43-11e7-9104-125b034d2f46  aws://us-east-1c/vol-0da622ddb5cea4abf;
./update-pv-volume.sh pvc-5f9a1f1c-ab02-11e7-b8c0-12b5519f9b58  aws://us-east-1c/vol-00aeec71c5b1bf2ee;
./update-pv-volume.sh pvc-60c258be-9a6d-11e7-99fc-125b034d2f46  aws://us-east-1c/vol-05caf0ba41062c91e;
./update-pv-volume.sh pvc-6150719c-83b5-11e7-ab22-12b5519f9b58  aws://us-east-1c/vol-059d7c8de988a5254;
./update-pv-volume.sh pvc-61b3c6e0-a282-11e7-ab99-12b5519f9b58  aws://us-east-1c/vol-055f3364d214f1b39;
./update-pv-volume.sh pvc-620f79f4-a360-11e7-9870-125b034d2f46  aws://us-east-1c/vol-008812ed6c0b5496a;
./update-pv-volume.sh pvc-6385c4c8-93e9-11e7-8e2b-123713f594ec  aws://us-east-1c/vol-0bf59aa78dd2b7fba;
./update-pv-volume.sh pvc-638809b4-a57e-11e7-a67d-123713f594ec  aws://us-east-1c/vol-0a60716750d80aefd;
./update-pv-volume.sh pvc-64066ea7-a2f0-11e7-9870-125b034d2f46  aws://us-east-1c/vol-061267af4218348b0;
./update-pv-volume.sh pvc-68915e0f-aa03-11e7-851c-125b034d2f46  aws://us-east-1c/vol-09b06de438716d266;
./update-pv-volume.sh pvc-68cb085b-a33f-11e7-b564-123713f594ec  aws://us-east-1c/vol-0c0882e461667b551;
./update-pv-volume.sh pvc-6933e65c-a2ee-11e7-9870-125b034d2f46  aws://us-east-1c/vol-02fc7c8addc333bee;
./update-pv-volume.sh pvc-697abddf-afc8-11e7-b9c8-123713f594ec  aws://us-east-1c/vol-0d9eb3396a5800914;
./update-pv-volume.sh pvc-6afbcd09-a046-11e7-ab99-12b5519f9b58  aws://us-east-1c/vol-00ae001e4651fb3b5;
./update-pv-volume.sh pvc-6b076a20-9628-11e7-b0cb-12b5519f9b58  aws://us-east-1c/vol-022886b3902eeac5c;
./update-pv-volume.sh pvc-6b5fed68-9955-11e7-99fc-125b034d2f46  aws://us-east-1c/vol-09d85744e8e6a6312;
./update-pv-volume.sh pvc-6ba029e0-b249-11e7-b9c8-123713f594ec  aws://us-east-1c/vol-01064dbcdbc11054b;
./update-pv-volume.sh pvc-6bb7179a-89cd-11e7-bd9c-125b034d2f46  aws://us-east-1c/vol-0c63cdaabb048c6ba;
./update-pv-volume.sh pvc-6c22cf12-89f3-11e7-bd9c-125b034d2f46  aws://us-east-1c/vol-01e2775be340fc6f0;
./update-pv-volume.sh pvc-6cf69839-992d-11e7-8e2b-123713f594ec  aws://us-east-1c/vol-09fb73cb318b62619;
./update-pv-volume.sh pvc-6d3ce9e4-a9e4-11e7-b9c8-123713f594ec  aws://us-east-1c/vol-07d67af406895d965;
./update-pv-volume.sh pvc-6d7cb20c-a2fb-11e7-9870-125b034d2f46  aws://us-east-1c/vol-0d6d575f41e45a690;
./update-pv-volume.sh pvc-6dd2c605-aedd-11e7-b9c8-123713f594ec  aws://us-east-1c/vol-0f9cd7ea5162a9d5d;
./update-pv-volume.sh pvc-6e36f702-936e-11e7-99fc-125b034d2f46  aws://us-east-1c/vol-0e18cd7a3f32543a8;
./update-pv-volume.sh pvc-6e3e9d18-b12a-11e7-b8c0-12b5519f9b58  aws://us-east-1c/vol-02370d8ad386db7f2;
./update-pv-volume.sh pvc-6f8ebb9e-a94d-11e7-bae1-12b5519f9b58  aws://us-east-1c/vol-0b4818c76bf117516;
./update-pv-volume.sh pvc-720c4915-9bbf-11e7-b0cb-12b5519f9b58  aws://us-east-1c/vol-0832c0c7a2a5b520f;
./update-pv-volume.sh pvc-72215206-b3b7-11e7-a02d-125b034d2f46  aws://us-east-1c/vol-0c8a541b0e7dc2f83;
./update-pv-volume.sh pvc-72d1ae02-76e4-11e7-ab22-12b5519f9b58  aws://us-east-1c/vol-04e27945dabf19ac9;
./update-pv-volume.sh pvc-72e12f24-99ee-11e7-8e2b-123713f594ec  aws://us-east-1c/vol-0542f89738155e807;
./update-pv-volume.sh pvc-72f466ca-99ee-11e7-8e2b-123713f594ec  aws://us-east-1c/vol-0ef1b74e0a20fb374;
./update-pv-volume.sh pvc-737f7539-7176-11e7-b8ec-125b034d2f46  aws://us-east-1c/vol-01814f72cd36f9d8b;
./update-pv-volume.sh pvc-74e3bc67-93e2-11e7-b0cb-12b5519f9b58  aws://us-east-1c/vol-0a60ee8798a070a00;
./update-pv-volume.sh pvc-74f187f6-9ecb-11e7-9870-125b034d2f46  aws://us-east-1c/vol-02c02482f81981e90;
./update-pv-volume.sh pvc-7542b530-9955-11e7-99fc-125b034d2f46  aws://us-east-1c/vol-0b1ebbc459547c5fe;
./update-pv-volume.sh pvc-758752ca-8c11-11e7-bd9c-125b034d2f46  aws://us-east-1c/vol-0374a57418dafefa9;
./update-pv-volume.sh pvc-7669cb35-a5b1-11e7-a582-125b034d2f46  aws://us-east-1c/vol-046a19ba9ccb104ad;
./update-pv-volume.sh pvc-76a7196e-a20e-11e7-ab99-12b5519f9b58  aws://us-east-1c/vol-0bf4afa3279b2383b;
./update-pv-volume.sh pvc-76d985d4-a71d-11e7-bae1-12b5519f9b58  aws://us-east-1c/vol-06d183b83aa272a77;
./update-pv-volume.sh pvc-7852f457-aff3-11e7-b9c8-123713f594ec  aws://us-east-1c/vol-050a9f129750af493;
./update-pv-volume.sh pvc-785ce091-a9e4-11e7-b9c8-123713f594ec  aws://us-east-1c/vol-09ce8e8e34fce3b22;
./update-pv-volume.sh pvc-789afbf1-9df8-11e7-ab99-12b5519f9b58  aws://us-east-1c/vol-05cf1fad5802d8127;
./update-pv-volume.sh pvc-79a52f5a-b0ea-11e7-b9c8-123713f594ec  aws://us-east-1c/vol-0d0fd610dd5e3868e;
./update-pv-volume.sh pvc-79bb54d7-a132-11e7-ab99-12b5519f9b58  aws://us-east-1c/vol-0117e2f68d7510d23;
./update-pv-volume.sh pvc-79d8a626-add6-11e7-851c-125b034d2f46  aws://us-east-1c/vol-0ae83838c5a4a8970;
./update-pv-volume.sh pvc-7a41ff11-a96d-11e7-851c-125b034d2f46  aws://us-east-1c/vol-064651b5cb8bc1ee8;
./update-pv-volume.sh pvc-7b9ffab3-b415-11e7-8ea3-12b5519f9b58  aws://us-east-1c/vol-0608aa897138809b3;
./update-pv-volume.sh pvc-7d976869-9a9b-11e7-8e2b-123713f594ec  aws://us-east-1c/vol-0e36078efe89d8578;
./update-pv-volume.sh pvc-7f964d3a-9955-11e7-99fc-125b034d2f46  aws://us-east-1c/vol-0b539cadeb881aee4;
./update-pv-volume.sh pvc-7fc70f74-8aa4-11e7-9bf7-123713f594ec  aws://us-east-1c/vol-005e4e5108789cdda;
./update-pv-volume.sh pvc-803b65e7-92e5-11e7-8e2b-123713f594ec  aws://us-east-1c/vol-053619fd09c93b04b;
./update-pv-volume.sh pvc-8084315b-b398-11e7-b3be-123713f594ec  aws://us-east-1c/vol-0c7da8d9e8f5d2000;
./update-pv-volume.sh pvc-81448aaa-8846-11e7-bd9c-125b034d2f46  aws://us-east-1c/vol-05eae7e2ad795a36e;
./update-pv-volume.sh pvc-81862d97-8eeb-11e7-8584-123713f594ec  aws://us-east-1c/vol-0e3906954410d1c2e;
./update-pv-volume.sh pvc-8309ad2a-b0ea-11e7-851c-125b034d2f46  aws://us-east-1c/vol-0f1b5122dfab920dc;
./update-pv-volume.sh pvc-84439989-93bf-11e7-8e2b-123713f594ec  aws://us-east-1c/vol-0d25c61000e7dcbb5;
./update-pv-volume.sh pvc-844d5fd8-9487-11e7-99fc-125b034d2f46  aws://us-east-1c/vol-09641871cc18e5747;
./update-pv-volume.sh pvc-8463af99-9487-11e7-99fc-125b034d2f46  aws://us-east-1c/vol-0cd4c5f19a434276d;
./update-pv-volume.sh pvc-8606f2bf-93b6-11e7-8e2b-123713f594ec  aws://us-east-1c/vol-0342062e46bb54185;
./update-pv-volume.sh pvc-86a22509-9266-11e7-b0cb-12b5519f9b58  aws://us-east-1c/vol-0ef06b5fc236d0392;
./update-pv-volume.sh pvc-86a9fe56-9d59-11e7-b0cb-12b5519f9b58  aws://us-east-1c/vol-0185851eda33a8847;
./update-pv-volume.sh pvc-885c9617-8a01-11e7-8e28-12b5519f9b58  aws://us-east-1c/vol-0ee5c5744b5208693;
./update-pv-volume.sh pvc-89d0c01c-9f20-11e7-ab99-12b5519f9b58  aws://us-east-1c/vol-039b7a0914e2200ce;
./update-pv-volume.sh pvc-8a0eecee-a22a-11e7-9870-125b034d2f46  aws://us-east-1c/vol-0466e7d9a3cb94f36;
./update-pv-volume.sh pvc-8b3c5c58-93c6-11e7-b0cb-12b5519f9b58  aws://us-east-1c/vol-046b47977bcfef540;
./update-pv-volume.sh pvc-8b453c50-901e-11e7-9386-12b5519f9b58  aws://us-east-1c/vol-0df66ccd68db63ef6;
./update-pv-volume.sh pvc-8cde182c-a96d-11e7-b9c8-123713f594ec  aws://us-east-1c/vol-060be8dbfede471e9;
./update-pv-volume.sh pvc-8d128c4b-adb1-11e7-851c-125b034d2f46  aws://us-east-1c/vol-0b426b2d67da23cb2;
./update-pv-volume.sh pvc-8d373570-8f15-11e7-afce-125b034d2f46  aws://us-east-1c/vol-04f95ed481f27ccbf;
./update-pv-volume.sh pvc-8e3d4db0-8c1c-11e7-9bf7-123713f594ec  aws://us-east-1c/vol-080370d6032e0ad45;
./update-pv-volume.sh pvc-8ed4817f-992d-11e7-8e2b-123713f594ec  aws://us-east-1c/vol-04dec081a6d75258c;
./update-pv-volume.sh pvc-8f06bbb1-92e9-11e7-b0cb-12b5519f9b58  aws://us-east-1c/vol-014331ea65b3299f6;
./update-pv-volume.sh pvc-8f62d92b-9fc4-11e7-b564-123713f594ec  aws://us-east-1c/vol-0461ab509f458f8b7;
./update-pv-volume.sh pvc-8f98920e-96ef-11e7-b0cb-12b5519f9b58  aws://us-east-1c/vol-0139f094a09d7cff3;
./update-pv-volume.sh pvc-90c7eb16-b15d-11e7-b8c0-12b5519f9b58  aws://us-east-1c/vol-020ede93e4c9268a0;
./update-pv-volume.sh pvc-915fde34-a211-11e7-9870-125b034d2f46  aws://us-east-1c/vol-0fadee80a9739a5f6;
./update-pv-volume.sh pvc-92790199-73bb-11e7-ab22-12b5519f9b58  aws://us-east-1c/vol-05674cd2c7786a36f;
./update-pv-volume.sh pvc-9318eb19-b356-11e7-b8c0-12b5519f9b58  aws://us-east-1c/vol-02cd546e52bf9023e;
./update-pv-volume.sh pvc-9349f172-a938-11e7-a582-125b034d2f46  aws://us-east-1c/vol-0f5bd9374a1c853d9;
./update-pv-volume.sh pvc-93a63e3a-b432-11e7-bc91-12b5519f9b58  aws://us-east-1c/vol-058de29d5467b549b;
./update-pv-volume.sh pvc-93dba3a6-adb1-11e7-851c-125b034d2f46  aws://us-east-1c/vol-0e83da2744fa93f1d;
./update-pv-volume.sh pvc-944cf0d2-8ac5-11e7-9bf7-123713f594ec  aws://us-east-1c/vol-0cadc051ebabcc2c8;
./update-pv-volume.sh pvc-9488c179-a270-11e7-ab99-12b5519f9b58  aws://us-east-1c/vol-031527f82bd284711;
./update-pv-volume.sh pvc-949453d8-b2c4-11e7-b9c8-123713f594ec  aws://us-east-1c/vol-032bd417a2082e2bf;
./update-pv-volume.sh pvc-95486b0f-a2ed-11e7-b564-123713f594ec  aws://us-east-1c/vol-0ad733872ba66c5ee;
./update-pv-volume.sh pvc-95523258-a45a-11e7-ab99-12b5519f9b58  aws://us-east-1c/vol-049e92c2398ea084e;
./update-pv-volume.sh pvc-95bdedaf-98ff-11e7-b0cb-12b5519f9b58  aws://us-east-1c/vol-0057d3a89cd6e04d1;
./update-pv-volume.sh pvc-96e18d03-a87a-11e7-a67d-123713f594ec  aws://us-east-1c/vol-0de20d03528cf23e9;
./update-pv-volume.sh pvc-97fc4be2-b405-11e7-8ea3-12b5519f9b58  aws://us-east-1c/vol-0f5e94235dcf09a6b;
./update-pv-volume.sh pvc-9863638d-a49f-11e7-9870-125b034d2f46  aws://us-east-1c/vol-04b08094feae32c61;
./update-pv-volume.sh pvc-98c1c6ed-8e61-11e7-9386-12b5519f9b58  aws://us-east-1c/vol-006f183415f6813d9;
./update-pv-volume.sh pvc-9956cb36-91aa-11e7-afce-125b034d2f46  aws://us-east-1c/vol-0bdefa930026362c0;
./update-pv-volume.sh pvc-9974f310-a53e-11e7-a67d-123713f594ec  aws://us-east-1c/vol-041836ea9609bd9cb;
./update-pv-volume.sh pvc-997e654d-9af7-11e7-8e2b-123713f594ec  aws://us-east-1c/vol-09beaa509536b4da7;
./update-pv-volume.sh pvc-997fb422-b331-11e7-b8c0-12b5519f9b58  aws://us-east-1c/vol-0eb3138ddb8208047;
./update-pv-volume.sh pvc-9a57a7dd-7be6-11e7-9b00-123713f594ec  aws://us-east-1c/vol-07f3f63417b744e12;
./update-pv-volume.sh pvc-9a62f0c4-adb1-11e7-b9c8-123713f594ec  aws://us-east-1c/vol-0e25a9b2ae979f4ee;
./update-pv-volume.sh pvc-9e36fb4f-9873-11e7-8e2b-123713f594ec  aws://us-east-1c/vol-0ea94129764e2e1cb;
./update-pv-volume.sh pvc-9eb84d37-a9e2-11e7-851c-125b034d2f46  aws://us-east-1c/vol-053bcb4f13c636c3b;
./update-pv-volume.sh pvc-9ed42e49-ae5e-11e7-b9c8-123713f594ec  aws://us-east-1c/vol-00fb5fab231709fc4;
./update-pv-volume.sh pvc-9ef564fc-87e5-11e7-8e28-12b5519f9b58  aws://us-east-1c/vol-0f64d75339c44c2ff;
./update-pv-volume.sh pvc-9ef86843-b281-11e7-b9c8-123713f594ec  aws://us-east-1c/vol-0f4d645bf178a6add;
./update-pv-volume.sh pvc-a104c69d-ac7f-11e7-851c-125b034d2f46  aws://us-east-1c/vol-03b3b83610d748de9;
./update-pv-volume.sh pvc-a281de38-a607-11e7-bae1-12b5519f9b58  aws://us-east-1c/vol-07262ff22eedba58e;
./update-pv-volume.sh pvc-a2f2c598-90c2-11e7-9386-12b5519f9b58  aws://us-east-1c/vol-0926235d902848f50;
./update-pv-volume.sh pvc-a39b60a5-a20a-11e7-ab99-12b5519f9b58  aws://us-east-1c/vol-0d1662fd63f2bd743;
./update-pv-volume.sh pvc-a697fc00-a384-11e7-b564-123713f594ec  aws://us-east-1c/vol-079256a2f4cfa278a;
./update-pv-volume.sh pvc-a6c4c3e1-b430-11e7-bc91-12b5519f9b58  aws://us-east-1c/vol-04a25faa7b36e7aa3;
./update-pv-volume.sh pvc-a7179f70-a33f-11e7-ab99-12b5519f9b58  aws://us-east-1c/vol-0accd8bb6f94d9ada;
./update-pv-volume.sh pvc-a7b11cff-a3c8-11e7-9870-125b034d2f46  aws://us-east-1c/vol-07908dcbf26c5bc9d;
./update-pv-volume.sh pvc-a85ed851-a2e2-11e7-b564-123713f594ec  aws://us-east-1c/vol-04c36fbc45a862ea4;
./update-pv-volume.sh pvc-a8adcade-a2f1-11e7-9870-125b034d2f46  aws://us-east-1c/vol-0502ef0c4864da396;
./update-pv-volume.sh pvc-a8e4830b-b1c3-11e7-851c-125b034d2f46  aws://us-east-1c/vol-0e936bf1d661fb517;
./update-pv-volume.sh pvc-a8fb23d4-adb1-11e7-b8c0-12b5519f9b58  aws://us-east-1c/vol-05f7ec42d12c37732;
./update-pv-volume.sh pvc-a9168059-8bf5-11e7-8e28-12b5519f9b58  aws://us-east-1c/vol-0af2efee539451388;
./update-pv-volume.sh pvc-aa8fe482-a211-11e7-9870-125b034d2f46  aws://us-east-1c/vol-02c654d3c5b3a677e;
./update-pv-volume.sh pvc-ab7b1079-7d4c-11e7-ab22-12b5519f9b58  aws://us-east-1c/vol-0bf91ff7cfd276cae;
./update-pv-volume.sh pvc-ab8c051d-adb1-11e7-b9c8-123713f594ec  aws://us-east-1c/vol-03c594b06eb5da8de;
./update-pv-volume.sh pvc-ab9f3896-997d-11e7-8e2b-123713f594ec  aws://us-east-1c/vol-0095dcaaef42ab8c3;
./update-pv-volume.sh pvc-abb74f78-9920-11e7-99fc-125b034d2f46  aws://us-east-1c/vol-09615ec28e2316292;
./update-pv-volume.sh pvc-acc525c6-9440-11e7-b0cb-12b5519f9b58  aws://us-east-1c/vol-03c01f1335787d7de;
./update-pv-volume.sh pvc-adc8948c-98c5-11e7-b0cb-12b5519f9b58  aws://us-east-1c/vol-007fa1862c2f88f24;
./update-pv-volume.sh pvc-b0de5996-6674-11e7-92ef-123713f594ec  aws://us-east-1c/vol-010ebf9abe358a2fb;
./update-pv-volume.sh pvc-b4a0020c-90b0-11e7-8584-123713f594ec  aws://us-east-1c/vol-069145b24700452db;
./update-pv-volume.sh pvc-b5a60c04-9fe3-11e7-ab99-12b5519f9b58  aws://us-east-1c/vol-0c010fb3ac6ac7c4b;
./update-pv-volume.sh pvc-b65e756e-a23c-11e7-ab99-12b5519f9b58  aws://us-east-1c/vol-06f4782f659c6db9b;
./update-pv-volume.sh pvc-b6882620-915a-11e7-9386-12b5519f9b58  aws://us-east-1c/vol-0c049bfd5248bb79a;
./update-pv-volume.sh pvc-b763dd69-a5d6-11e7-a67d-123713f594ec  aws://us-east-1c/vol-0a195fedc3f7e457e;
./update-pv-volume.sh pvc-b9093ef7-b13a-11e7-b8c0-12b5519f9b58  aws://us-east-1c/vol-02a5480e9eb38d55f;
./update-pv-volume.sh pvc-b9519431-aeb3-11e7-851c-125b034d2f46  aws://us-east-1c/vol-0ab0ec310aa219b6e;
./update-pv-volume.sh pvc-bbb0f5d3-a47c-11e7-9870-125b034d2f46  aws://us-east-1c/vol-0bf76a4097bb26d70;
./update-pv-volume.sh pvc-bbd886bc-b041-11e7-b8c0-12b5519f9b58  aws://us-east-1c/vol-06662d2ce16e2e658;
./update-pv-volume.sh pvc-be7ec393-a42b-11e7-9870-125b034d2f46  aws://us-east-1c/vol-09afc90d5dfcf1323;
./update-pv-volume.sh pvc-bee543a7-b0ea-11e7-b8c0-12b5519f9b58  aws://us-east-1c/vol-02ff52eff1d091284;
./update-pv-volume.sh pvc-c0d6558c-acf3-11e7-b9c8-123713f594ec  aws://us-east-1c/vol-065587ef18602c142;
./update-pv-volume.sh pvc-c1562d89-a5cf-11e7-a582-125b034d2f46  aws://us-east-1c/vol-054832380f345ad97;
./update-pv-volume.sh pvc-c26af92a-a445-11e7-9870-125b034d2f46  aws://us-east-1c/vol-0158fc57baab1e77e;
./update-pv-volume.sh pvc-c2c2b79b-a37d-11e7-9870-125b034d2f46  aws://us-east-1c/vol-077ff0b4c83080217;
./update-pv-volume.sh pvc-c3fcc517-7072-11e7-b866-12b5519f9b58  aws://us-east-1c/vol-0d8b3a3a2bd94c79a;
./update-pv-volume.sh pvc-c4111f43-8de4-11e7-8584-123713f594ec  aws://us-east-1c/vol-06cbf3b99308d1825;
./update-pv-volume.sh pvc-c4951d0a-a4a9-11e7-bae1-12b5519f9b58  aws://us-east-1c/vol-07fe1030692861c12;
./update-pv-volume.sh pvc-c4a4b32f-9146-11e7-8584-123713f594ec  aws://us-east-1c/vol-0263caf6a14196485;
./update-pv-volume.sh pvc-c5767183-a52a-11e7-bae1-12b5519f9b58  aws://us-east-1c/vol-0e190e038aa86f0ea;
./update-pv-volume.sh pvc-c6a0797b-a42b-11e7-9870-125b034d2f46  aws://us-east-1c/vol-06bd6f9bf87fbe0f2;
./update-pv-volume.sh pvc-c734d9c5-979c-11e7-8e2b-123713f594ec  aws://us-east-1c/vol-0b2a8db5148d433e0;
./update-pv-volume.sh pvc-c781b9bf-950c-11e7-b0cb-12b5519f9b58  aws://us-east-1c/vol-076309bf5117362c9;
./update-pv-volume.sh pvc-c8f1f298-aa17-11e7-b9c8-123713f594ec  aws://us-east-1c/vol-0593c0e5015dac6ea;
./update-pv-volume.sh pvc-caee0fd1-ab62-11e7-b8c0-12b5519f9b58  aws://us-east-1c/vol-0ece1cee7c7f4db31;
./update-pv-volume.sh pvc-cb1813d8-8c32-11e7-9bf7-123713f594ec  aws://us-east-1c/vol-00a8953c0db704350;
./update-pv-volume.sh pvc-cb5f96ce-9d4f-11e7-8e2b-123713f594ec  aws://us-east-1c/vol-0c0974a21ad4d7540;
./update-pv-volume.sh pvc-cd845a96-9238-11e7-9386-12b5519f9b58  aws://us-east-1c/vol-0bdbde093d6d042aa;
./update-pv-volume.sh pvc-cda2c7c4-9238-11e7-8584-123713f594ec  aws://us-east-1c/vol-01e12bf2e10b3bd54;
./update-pv-volume.sh pvc-ce39b815-a7fb-11e7-a67d-123713f594ec  aws://us-east-1c/vol-0739c29974721f1c5;
./update-pv-volume.sh pvc-ceab4f4c-98b5-11e7-b0cb-12b5519f9b58  aws://us-east-1c/vol-0d19ca5ccee1c084c;
./update-pv-volume.sh pvc-cef6befd-b404-11e7-8ea3-12b5519f9b58  aws://us-east-1c/vol-0184c6e44a452e10e;
./update-pv-volume.sh pvc-cf236418-a306-11e7-9870-125b034d2f46  aws://us-east-1c/vol-072e5a1361df1f51a;
./update-pv-volume.sh pvc-cff53860-9d6e-11e7-b0cb-12b5519f9b58  aws://us-east-1c/vol-025fc36529ce60f79;
./update-pv-volume.sh pvc-d0369581-9738-11e7-99fc-125b034d2f46  aws://us-east-1c/vol-0031ad39ba163beba;
./update-pv-volume.sh pvc-d0516865-ad9b-11e7-851c-125b034d2f46  aws://us-east-1c/vol-03cfac343593464d3;
./update-pv-volume.sh pvc-d06471fc-b03f-11e7-b9c8-123713f594ec  aws://us-east-1c/vol-0e1ac5e46f5cd2def;
./update-pv-volume.sh pvc-d10a6fab-8e6b-11e7-8584-123713f594ec  aws://us-east-1c/vol-0081f0e2835d10d1d;
./update-pv-volume.sh pvc-d2c43a16-8de4-11e7-9386-12b5519f9b58  aws://us-east-1c/vol-044a94df500df0036;
./update-pv-volume.sh pvc-d37305d5-853f-11e7-ab22-12b5519f9b58  aws://us-east-1c/vol-0c79c31e76fa43432;
./update-pv-volume.sh pvc-d3e3e628-a5c7-11e7-a582-125b034d2f46  aws://us-east-1c/vol-0016658d5e80758b3;
./update-pv-volume.sh pvc-d451d6af-a26d-11e7-ab99-12b5519f9b58  aws://us-east-1c/vol-0843f6b355c7797d1;
./update-pv-volume.sh pvc-d51b4b7a-a38c-11e7-b564-123713f594ec  aws://us-east-1c/vol-07150832bf3cbe29d;
./update-pv-volume.sh pvc-d53dca36-aef5-11e7-851c-125b034d2f46  aws://us-east-1c/vol-05b160051cc6e1c6a;
./update-pv-volume.sh pvc-d5940d25-a211-11e7-9870-125b034d2f46  aws://us-east-1c/vol-01a45505788d5c463;
./update-pv-volume.sh pvc-d5b670f0-5d5d-11e7-93e2-123713f594ec  aws://us-east-1c/vol-0798f13b19df554f3;
./update-pv-volume.sh pvc-d6c8e87f-8b69-11e7-9bf7-123713f594ec  aws://us-east-1c/vol-045330854362dc162;
./update-pv-volume.sh pvc-d6e6d6f8-a946-11e7-bae1-12b5519f9b58  aws://us-east-1c/vol-08780328b897020d2;
./update-pv-volume.sh pvc-d79370fe-8bfb-11e7-bd9c-125b034d2f46  aws://us-east-1c/vol-03f549188096066e4;
./update-pv-volume.sh pvc-d82d0cee-ac71-11e7-851c-125b034d2f46  aws://us-east-1c/vol-091d19f1bc0c808f6;
./update-pv-volume.sh pvc-d83d1151-a82d-11e7-bae1-12b5519f9b58  aws://us-east-1c/vol-03588f9d0b645a78f;
./update-pv-volume.sh pvc-d9648b02-a4c8-11e7-bae1-12b5519f9b58  aws://us-east-1c/vol-0e61dcaa8026631ec;
./update-pv-volume.sh pvc-d978e1d9-ab23-11e7-b8c0-12b5519f9b58  aws://us-east-1c/vol-0e9385b5512fe7673;
./update-pv-volume.sh pvc-d9da8d01-a7d2-11e7-a582-125b034d2f46  aws://us-east-1c/vol-09ef6652d32d8e46d;
./update-pv-volume.sh pvc-da7083f5-9d36-11e7-b0cb-12b5519f9b58  aws://us-east-1c/vol-0cfeb7b22b830280c;
./update-pv-volume.sh pvc-dacd6a63-a46b-11e7-ab99-12b5519f9b58  aws://us-east-1c/vol-07ea2893ec2c103d9;
./update-pv-volume.sh pvc-dca67891-a38b-11e7-ab99-12b5519f9b58  aws://us-east-1c/vol-00e4dc25f1799c623;
./update-pv-volume.sh pvc-dcb23615-a4cf-11e7-a67d-123713f594ec  aws://us-east-1c/vol-0e5ed7eb921a3db03;
./update-pv-volume.sh pvc-dea9482f-8f0f-11e7-8584-123713f594ec  aws://us-east-1c/vol-0a8f37a2b41d74712;
./update-pv-volume.sh pvc-ded58f20-aa99-11e7-b8c0-12b5519f9b58  aws://us-east-1c/vol-0b0ff1a1df6009bb0;
./update-pv-volume.sh pvc-dfcedcdf-a270-11e7-ab99-12b5519f9b58  aws://us-east-1c/vol-0149bab575b3a93ac;
./update-pv-volume.sh pvc-dfe043ec-adaf-11e7-b9c8-123713f594ec  aws://us-east-1c/vol-0d5b37c3b894b6d13;
./update-pv-volume.sh pvc-e041dcea-ab97-11e7-b9c8-123713f594ec  aws://us-east-1c/vol-09361e650606a017b;
./update-pv-volume.sh pvc-e1ed5f5f-89ff-11e7-8e28-12b5519f9b58  aws://us-east-1c/vol-00d26b6f1c54c76bf;
./update-pv-volume.sh pvc-e2662525-acec-11e7-b8c0-12b5519f9b58  aws://us-east-1c/vol-04047780fce360fae;
./update-pv-volume.sh pvc-e35e0001-a419-11e7-b564-123713f594ec  aws://us-east-1c/vol-0c1d4fc0385e7bb24;
./update-pv-volume.sh pvc-e3874097-9515-11e7-99fc-125b034d2f46  aws://us-east-1c/vol-0c756ea2ee21860dd;
./update-pv-volume.sh pvc-e3ad8a6a-a2fc-11e7-ab99-12b5519f9b58  aws://us-east-1c/vol-0cad85bd5df267027;
./update-pv-volume.sh pvc-e43bfecc-a7a2-11e7-a67d-123713f594ec  aws://us-east-1c/vol-0701d3f905cfeef93;
./update-pv-volume.sh pvc-e44a9821-adb3-11e7-b8c0-12b5519f9b58  aws://us-east-1c/vol-019294ae9ffdb53a2;
./update-pv-volume.sh pvc-e457d096-9331-11e7-99fc-125b034d2f46  aws://us-east-1c/vol-05842603f0748c930;
./update-pv-volume.sh pvc-e45eb120-8adf-11e7-8e28-12b5519f9b58  aws://us-east-1c/vol-02f087ee3694698dd;
./update-pv-volume.sh pvc-e55578f2-a6ee-11e7-a582-125b034d2f46  aws://us-east-1c/vol-0ae4df85c74659fc6;
./update-pv-volume.sh pvc-e6f57f9f-aa5d-11e7-b9c8-123713f594ec  aws://us-east-1c/vol-0efa0e523278272b0;
./update-pv-volume.sh pvc-e783352c-8471-11e7-9104-125b034d2f46  aws://us-east-1c/vol-01ad888f315622c73;
./update-pv-volume.sh pvc-e81f3fa1-8653-11e7-ab22-12b5519f9b58  aws://us-east-1c/vol-0039a4550d2e28cbd;
./update-pv-volume.sh pvc-eaf1647f-9738-11e7-b0cb-12b5519f9b58  aws://us-east-1c/vol-0333970b02cf4e96d;
./update-pv-volume.sh pvc-eb591d0f-9b04-11e7-8e2b-123713f594ec  aws://us-east-1c/vol-0f5f2b9c31bdec52d;
./update-pv-volume.sh pvc-eba163c9-adbf-11e7-851c-125b034d2f46  aws://us-east-1c/vol-0ca389e1845e9138e;
./update-pv-volume.sh pvc-ebb2ff15-b36e-11e7-b9c8-123713f594ec  aws://us-east-1c/vol-02795b1c9677dd47d;
./update-pv-volume.sh pvc-ec311d89-a841-11e7-a67d-123713f594ec  aws://us-east-1c/vol-01c39f6410ba070a9;
./update-pv-volume.sh pvc-eeb70e36-9fca-11e7-9870-125b034d2f46  aws://us-east-1c/vol-03501651eff74e757;
./update-pv-volume.sh pvc-f01c4f52-8740-11e7-9b00-123713f594ec  aws://us-east-1c/vol-0a4b7a99aebd7de4c;
./update-pv-volume.sh pvc-f0293d69-aeb0-11e7-b9c8-123713f594ec  aws://us-east-1c/vol-0f9eba14530f64dd4;
./update-pv-volume.sh pvc-f08c5452-aa62-11e7-b8c0-12b5519f9b58  aws://us-east-1c/vol-01f53724e9288d9ed;
./update-pv-volume.sh pvc-f0ca56a7-a7b2-11e7-a582-125b034d2f46  aws://us-east-1c/vol-0cc174b2878f88399;
./update-pv-volume.sh pvc-f0d9a4b2-9a5f-11e7-b0cb-12b5519f9b58  aws://us-east-1c/vol-02dc12d6864039881;
./update-pv-volume.sh pvc-f0e415e4-883d-11e7-9fa2-123713f594ec  aws://us-east-1c/vol-048903399d5468565;
./update-pv-volume.sh pvc-f1cb43f9-9028-11e7-8584-123713f594ec  aws://us-east-1c/vol-027239b4261e3a63f;
./update-pv-volume.sh pvc-f290b890-a5b2-11e7-a67d-123713f594ec  aws://us-east-1c/vol-09d58ff8cbbccc79d;
./update-pv-volume.sh pvc-f29f28cd-a7b1-11e7-bae1-12b5519f9b58  aws://us-east-1c/vol-002d00ccaca5f3c49;
./update-pv-volume.sh pvc-f2d8b473-b3d6-11e7-b3be-123713f594ec  aws://us-east-1c/vol-03979ab947a87496d;
./update-pv-volume.sh pvc-f3288e4e-6383-11e7-8a04-125b034d2f46  aws://us-east-1c/vol-0349aca02d09fd588;
./update-pv-volume.sh pvc-f3f83c79-96e3-11e7-b0cb-12b5519f9b58  aws://us-east-1c/vol-0b8a980096d91ebe4;
./update-pv-volume.sh pvc-f41ba9c4-a63e-11e7-bae1-12b5519f9b58  aws://us-east-1c/vol-08113c563f1b799c3;
./update-pv-volume.sh pvc-f61d6ca4-96ff-11e7-99fc-125b034d2f46  aws://us-east-1c/vol-020c28e18b7a706e3;
./update-pv-volume.sh pvc-f6529d51-8345-11e7-9b00-123713f594ec  aws://us-east-1c/vol-045b5fdd900ffeff0;
./update-pv-volume.sh pvc-f68c582a-ab84-11e7-b9c8-123713f594ec  aws://us-east-1c/vol-0396a24f1fdc0b8df;
./update-pv-volume.sh pvc-f6f688fa-92b8-11e7-99fc-125b034d2f46  aws://us-east-1c/vol-0589b34db7d2b3e92;
./update-pv-volume.sh pvc-f8025989-b3df-11e7-a02d-125b034d2f46  aws://us-east-1c/vol-0890f186433d4539f;
./update-pv-volume.sh pvc-f823d259-b331-11e7-851c-125b034d2f46  aws://us-east-1c/vol-0b1951c0e749c0898;
./update-pv-volume.sh pvc-f891fd4b-b331-11e7-851c-125b034d2f46  aws://us-east-1c/vol-06f7da4e8cc3d059b;
./update-pv-volume.sh pvc-f8f2b8bf-b331-11e7-851c-125b034d2f46  aws://us-east-1c/vol-016206993c3044e31;
./update-pv-volume.sh pvc-f94e5aa9-963e-11e7-8e2b-123713f594ec  aws://us-east-1c/vol-0d0e1935e9fea3ae8;
./update-pv-volume.sh pvc-fa7099d0-a430-11e7-ab99-12b5519f9b58  aws://us-east-1c/vol-09705fcec43750f37;
./update-pv-volume.sh pvc-fad3a3ab-a876-11e7-bae1-12b5519f9b58  aws://us-east-1c/vol-074108ea4865bb7e5;
./update-pv-volume.sh pvc-fad82f1f-a4a4-11e7-a67d-123713f594ec  aws://us-east-1c/vol-0a0988e3c1fcd0a71;
./update-pv-volume.sh pvc-fafdee27-a5ee-11e7-a582-125b034d2f46  aws://us-east-1c/vol-055362acae148fc61;
./update-pv-volume.sh pvc-fb0b1f70-94b7-11e7-8e2b-123713f594ec  aws://us-east-1c/vol-0eb1aea2c3a30cd81;
./update-pv-volume.sh pvc-fb72769b-b331-11e7-b9c8-123713f594ec  aws://us-east-1c/vol-018b89c50679659af;
./update-pv-volume.sh pvc-fc722663-b331-11e7-851c-125b034d2f46  aws://us-east-1c/vol-0af5aecc6220c50fc;
./update-pv-volume.sh pvc-fc725519-a9da-11e7-b9c8-123713f594ec  aws://us-east-1c/vol-014a2b3d9fb2fef5d;
./update-pv-volume.sh pvc-fe524a00-b1e9-11e7-b9c8-123713f594ec  aws://us-east-1c/vol-0f6629ef10257fb77;
./update-pv-volume.sh pvc-fee12cfc-acd3-11e7-b8c0-12b5519f9b58  aws://us-east-1c/vol-0706f77badb18f390;
./update-pv-volume.sh pvc-ff6805e4-6673-11e7-b866-12b5519f9b58  aws://us-east-1c/vol-0b476acb4ddd31c3b;
